[0mGET / [36m304 [0m7.879 ms - -[0m
[0mGET /stylesheets/common.css [36m304 [0m3.567 ms - -[0m
[0mGET /javascripts/util.js [36m304 [0m2.386 ms - -[0m
[0mGET /javascripts/wysihtml5-master/parser_rules/advanced.js [36m304 [0m2.470 ms - -[0m
[0mGET /javascripts/wysihtml5-master/dist/wysihtml5-0.4.0pre.js [36m304 [0m2.596 ms - -[0m
[0mGET /javascripts/lodash.min.js [36m304 [0m2.770 ms - -[0m
[0mGET /javascripts/angular.js [36m304 [0m2.920 ms - -[0m
[0mGET /javascripts/angular-animate.min.js [36m304 [0m1.948 ms - -[0m
[0mGET /javascripts/index.js [36m304 [0m1.599 ms - -[0m
[0mGET /javascripts/directive/testcaseview.js [36m304 [0m1.274 ms - -[0m
[0mGET /images/loading.gif [36m304 [0m1.029 ms - -[0m
[0mGET /gamestate/20150925/query/ [36m304 [0m51.076 ms - -[0m
[0mGET /favicon.ico [33m404 [0m291.098 ms - 1205[0m
[0mGET /gamestate/20150925/manage/ [36m304 [0m1.844 ms - -[0m
[0mGET /favicon.ico [33m404 [0m32.753 ms - 1205[0m
[0mGET / [36m304 [0m2.673 ms - -[0m
[0mGET /stylesheets/common.css [36m304 [0m1.757 ms - -[0m
[0mGET /javascripts/util.js [36m304 [0m5.988 ms - -[0m
[0mGET /javascripts/wysihtml5-master/parser_rules/advanced.js [36m304 [0m3.695 ms - -[0m
[0mGET /javascripts/lodash.min.js [36m304 [0m3.558 ms - -[0m
[0mGET /javascripts/angular.js [36m304 [0m3.191 ms - -[0m
[0mGET /javascripts/wysihtml5-master/dist/wysihtml5-0.4.0pre.js [36m304 [0m5.145 ms - -[0m
[0mGET /javascripts/angular-animate.min.js [36m304 [0m3.236 ms - -[0m
[0mGET /javascripts/index.js [36m304 [0m2.533 ms - -[0m
[0mGET /javascripts/directive/testcaseview.js [36m304 [0m2.907 ms - -[0m
[0mGET /gamestate/20150925/query/ [36m304 [0m30.486 ms - -[0m
[0mGET /gamestate/20150925/manage/ [36m304 [0m1.779 ms - -[0m
[0mGET /gamestate/20150925/manage/3b2370ad-1767-47c7-b61a-d76293aefb04 [32m200 [0m11.188 ms - 514[0m
[0mGET /template/testCasePop.html [36m304 [0m0.887 ms - -[0m
[0mGET / [32m200 [0m13.043 ms - 7846[0m
[0mGET /stylesheets/common.css [36m304 [0m3.625 ms - -[0m
[0mGET /javascripts/util.js [36m304 [0m5.087 ms - -[0m
[0mGET /javascripts/wysihtml5-master/parser_rules/advanced.js [36m304 [0m5.167 ms - -[0m
[0mGET /javascripts/wysihtml5-master/dist/wysihtml5-0.4.0pre.js [36m304 [0m5.112 ms - -[0m
[0mGET /javascripts/lodash.min.js [36m304 [0m5.290 ms - -[0m
[0mGET /javascripts/angular.js [36m304 [0m5.353 ms - -[0m
[0mGET /javascripts/angular-animate.min.js [36m304 [0m1.983 ms - -[0m
[0mGET /javascripts/index.js [32m200 [0m3.235 ms - 8359[0m
[0mGET /javascripts/directive/testcaseview.js [36m304 [0m1.630 ms - -[0m
[0mGET /gamestate/20150925/query/ [32m200 [0m114.529 ms - 3849[0m
[0mGET /gamestate/20150925/manage/ [36m304 [0m2.788 ms - -[0m
[0mGET /stylesheets/common.css [36m304 [0m1.454 ms - -[0m
[0mGET /javascripts/angular-animate.min.js.map [32m200 [0m19.334 ms - 38464[0m
[0mGET / [32m200 [0m1.154 ms - 7846[0m
[0mGET /javascripts/util.js [32m200 [0m6.259 ms - 242[0m
[0mGET /javascripts/wysihtml5-master/parser_rules/advanced.js [32m200 [0m7.213 ms - 13996[0m
[0mGET /javascripts/lodash.min.js [32m200 [0m5.801 ms - 46302[0m
[0mGET /stylesheets/common.css [32m200 [0m10.307 ms - 4673[0m
[0mGET /javascripts/wysihtml5-master/dist/wysihtml5-0.4.0pre.js [32m200 [0m13.654 ms - 334329[0m
[0mGET /javascripts/angular.js [32m200 [0m26.735 ms - 987976[0m
[0mGET /javascripts/angular-animate.min.js [32m200 [0m7.144 ms - 13482[0m
[0mGET /javascripts/index.js [32m200 [0m4.416 ms - 8359[0m
[0mGET /javascripts/directive/testcaseview.js [32m200 [0m3.511 ms - 7061[0m
[0mGET /images/loading.gif [32m200 [0m1.936 ms - 1900[0m
[0mGET /gamestate/20150925/query/ [32m200 [0m39.111 ms - 3849[0m
[0mGET /javascripts/angular-animate.min.js.map [36m304 [0m1.907 ms - -[0m
[0mGET /gamestate/20150925/manage/ [32m200 [0m2.033 ms - 46[0m
[0mGET / [32m200 [0m0.964 ms - 7855[0m
[0mGET /stylesheets/common.css [32m200 [0m7.628 ms - 4673[0m
[0mGET /javascripts/lodash.min.js [32m200 [0m3.451 ms - 46302[0m
[0mGET /javascripts/util.js [32m200 [0m3.411 ms - 242[0m
[0mGET /javascripts/wysihtml5-master/parser_rules/advanced.js [32m200 [0m3.714 ms - 13996[0m
[0mGET /javascripts/angular-animate.min.js [32m200 [0m2.660 ms - 13482[0m
[0mGET /javascripts/wysihtml5-master/dist/wysihtml5-0.4.0pre.js [32m200 [0m17.309 ms - 334329[0m
[0mGET /javascripts/angular.js [32m200 [0m30.877 ms - 987976[0m
[0mGET /javascripts/index.js [32m200 [0m7.720 ms - 8359[0m
[0mGET /javascripts/directive/testcaseview.js [32m200 [0m8.000 ms - 7061[0m
[0mGET /images/loading.gif [32m200 [0m2.191 ms - 1900[0m
[0mGET /gamestate/20150925/query/ [32m200 [0m339.215 ms - 3849[0m
[0mGET /javascripts/angular-animate.min.js.map [36m304 [0m2.007 ms - -[0m
[0mGET /gamestate/20150925/manage/ [32m200 [0m1.850 ms - 46[0m
[0mGET / [32m200 [0m1.455 ms - 7968[0m
[0mGET /stylesheets/common.css [32m200 [0m9.195 ms - 4673[0m
[0mGET /javascripts/util.js [32m200 [0m6.658 ms - 242[0m
[0mGET /javascripts/wysihtml5-master/parser_rules/advanced.js [32m200 [0m6.916 ms - 13996[0m
[0mGET /javascripts/lodash.min.js [32m200 [0m6.606 ms - 46302[0m
[0mGET /javascripts/angular-animate.min.js [32m200 [0m3.789 ms - 13482[0m
[0mGET /javascripts/index.js [32m200 [0m4.234 ms - 8496[0m
[0mGET /javascripts/wysihtml5-master/dist/wysihtml5-0.4.0pre.js [32m200 [0m29.962 ms - 334329[0m
[0mGET /javascripts/directive/testcaseview.js [32m200 [0m4.027 ms - 7061[0m
[0mGET /javascripts/angular.js [32m200 [0m33.615 ms - 987976[0m
[0mGET /images/loading.gif [32m200 [0m1.759 ms - 1900[0m
[0mGET /gamestate/20150925/query/ [32m200 [0m46.873 ms - 3849[0m
[0mGET /javascripts/angular-animate.min.js.map [36m304 [0m1.089 ms - -[0m
[0mGET /gamestate/20150925/manage/ [32m200 [0m2.218 ms - 46[0m
[0mGET / [32m200 [0m1.183 ms - 7968[0m
[0mGET /stylesheets/common.css [32m200 [0m2.439 ms - 4673[0m
[0mGET /javascripts/wysihtml5-master/parser_rules/advanced.js [32m200 [0m6.878 ms - 13996[0m
[0mGET /javascripts/util.js [32m200 [0m6.362 ms - 242[0m
[0mGET /javascripts/lodash.min.js [32m200 [0m9.366 ms - 46302[0m
[0mGET /javascripts/angular-animate.min.js [32m200 [0m6.795 ms - 13482[0m
[0mGET /javascripts/index.js [32m200 [0m3.129 ms - 8496[0m
[0mGET /javascripts/wysihtml5-master/dist/wysihtml5-0.4.0pre.js [32m200 [0m21.974 ms - 334329[0m
[0mGET /javascripts/directive/testcaseview.js [32m200 [0m6.832 ms - 7061[0m
[0mGET /javascripts/angular.js [32m200 [0m41.071 ms - 987976[0m
[0mGET /images/loading.gif [32m200 [0m1.981 ms - 1900[0m
[0mGET /gamestate/20150925/query/ [32m200 [0m42.448 ms - 3849[0m
[0mGET /javascripts/angular-animate.min.js.map [36m304 [0m1.120 ms - -[0m
[0mGET /gamestate/20150925/manage/ [32m200 [0m0.976 ms - 46[0m
[0mGET / [32m200 [0m1.044 ms - 7968[0m
[0mGET /stylesheets/common.css [32m200 [0m6.001 ms - 4673[0m
[0mGET /javascripts/lodash.min.js [32m200 [0m5.146 ms - 46302[0m
[0mGET /javascripts/util.js [32m200 [0m4.934 ms - 242[0m
[0mGET /javascripts/wysihtml5-master/parser_rules/advanced.js [32m200 [0m4.799 ms - 13996[0m
[0mGET /javascripts/wysihtml5-master/dist/wysihtml5-0.4.0pre.js [32m200 [0m30.611 ms - 334329[0m
[0mGET /javascripts/angular-animate.min.js [32m200 [0m9.426 ms - 13482[0m
[0mGET /javascripts/index.js [32m200 [0m9.444 ms - 8496[0m
[0mGET /javascripts/directive/testcaseview.js [32m200 [0m7.540 ms - 7061[0m
[0mGET /javascripts/angular.js [32m200 [0m37.744 ms - 987976[0m
[0mGET /images/loading.gif [32m200 [0m1.363 ms - 1900[0m
[0mGET /gamestate/20150925/query/ [32m200 [0m33.114 ms - 3849[0m
[0mGET /javascripts/angular-animate.min.js.map [36m304 [0m1.326 ms - -[0m
[0mGET /gamestate/20150925/manage/ [32m200 [0m9.117 ms - 46[0m
[0mGET / [32m200 [0m0.977 ms - 7968[0m
[0mGET /stylesheets/common.css [32m200 [0m13.749 ms - 4673[0m
[0mGET /javascripts/util.js [32m200 [0m5.633 ms - 242[0m
[0mGET /javascripts/lodash.min.js [32m200 [0m5.074 ms - 46302[0m
[0mGET /javascripts/wysihtml5-master/parser_rules/advanced.js [32m200 [0m9.559 ms - 13996[0m
[0mGET /javascripts/wysihtml5-master/dist/wysihtml5-0.4.0pre.js [32m200 [0m33.359 ms - 334329[0m
[0mGET /javascripts/index.js [32m200 [0m2.992 ms - 8496[0m
[0mGET /javascripts/angular-animate.min.js [32m200 [0m2.784 ms - 13482[0m
[0mGET /javascripts/directive/testcaseview.js [32m200 [0m3.021 ms - 7061[0m
[0mGET /javascripts/angular.js [32m200 [0m56.883 ms - 987976[0m
[0mGET /images/loading.gif [32m200 [0m2.587 ms - 1900[0m
[0mGET /gamestate/20150925/query/ [32m200 [0m30.152 ms - 3849[0m
[0mGET /javascripts/angular-animate.min.js.map [36m304 [0m1.347 ms - -[0m
[0mGET /gamestate/20150925/manage/ [32m200 [0m1.898 ms - 46[0m
[0mGET / [32m200 [0m0.952 ms - 7968[0m
[0mGET /stylesheets/common.css [32m200 [0m8.412 ms - 4673[0m
[0mGET /javascripts/wysihtml5-master/parser_rules/advanced.js [32m200 [0m7.292 ms - 13996[0m
[0mGET /javascripts/util.js [32m200 [0m5.302 ms - 242[0m
[0mGET /javascripts/lodash.min.js [32m200 [0m17.226 ms - 46302[0m
[0mGET /javascripts/wysihtml5-master/dist/wysihtml5-0.4.0pre.js [32m200 [0m23.552 ms - 334329[0m
[0mGET /javascripts/angular.js [32m200 [0m41.236 ms - 987976[0m
[0mGET /javascripts/directive/testcaseview.js [32m200 [0m5.695 ms - 7061[0m
[0mGET /javascripts/angular-animate.min.js [32m200 [0m10.450 ms - 13482[0m
[0mGET /javascripts/index.js [32m200 [0m12.440 ms - 8496[0m
[0mGET /images/loading.gif [32m200 [0m0.972 ms - 1900[0m
[0mGET /gamestate/20150925/query/ [32m200 [0m33.289 ms - 3849[0m
[0mGET /javascripts/angular-animate.min.js.map [36m304 [0m1.672 ms - -[0m
[0mGET /gamestate/20150925/manage/ [32m200 [0m2.146 ms - 46[0m
[0mGET /#/?db=20150925 [32m200 [0m3.744 ms - 7968[0m
[0mGET / [32m200 [0m1.133 ms - 7968[0m
[0mGET /stylesheets/common.css [36m304 [0m0.591 ms - -[0m
[0mGET /javascripts/util.js [36m304 [0m1.193 ms - -[0m
[0mGET /javascripts/wysihtml5-master/parser_rules/advanced.js [36m304 [0m1.332 ms - -[0m
[0mGET /javascripts/wysihtml5-master/dist/wysihtml5-0.4.0pre.js [36m304 [0m1.320 ms - -[0m
[0mGET /javascripts/lodash.min.js [36m304 [0m0.703 ms - -[0m
[0mGET /javascripts/angular.js [36m304 [0m0.870 ms - -[0m
[0mGET /javascripts/angular-animate.min.js [36m304 [0m0.887 ms - -[0m
[0mGET /javascripts/index.js [32m200 [0m1.004 ms - 8496[0m
[0mGET /javascripts/directive/testcaseview.js [36m304 [0m0.553 ms - -[0m
[0mGET /images/loading.gif [36m304 [0m0.543 ms - -[0m
[0mGET /gamestate/20150925/query/ [32m200 [0m39.169 ms - 3848[0m
[0mGET /gamestate/20150925/manage/ [32m200 [0m1.164 ms - 46[0m
[0mGET / [36m304 [0m1.069 ms - -[0m
[0mGET /stylesheets/common.css [36m304 [0m18.293 ms - -[0m
[0mGET /javascripts/wysihtml5-master/parser_rules/advanced.js [36m304 [0m16.832 ms - -[0m
[0mGET /javascripts/util.js [36m304 [0m15.344 ms - -[0m
[0mGET /javascripts/wysihtml5-master/dist/wysihtml5-0.4.0pre.js [36m304 [0m15.134 ms - -[0m
[0mGET /javascripts/lodash.min.js [36m304 [0m13.827 ms - -[0m
[0mGET /javascripts/angular.js [36m304 [0m6.190 ms - -[0m
[0mGET /javascripts/angular-animate.min.js [36m304 [0m3.647 ms - -[0m
[0mGET /javascripts/index.js [36m304 [0m2.697 ms - -[0m
[0mGET /javascripts/directive/testcaseview.js [36m304 [0m2.374 ms - -[0m
[0mGET /gamestate/20150925/query/ [36m304 [0m33.962 ms - -[0m
[0mGET /gamestate/20150925/manage/ [36m304 [0m1.273 ms - -[0m
[0mGET / [36m304 [0m1.261 ms - -[0m
[0mGET /stylesheets/common.css [36m304 [0m3.734 ms - -[0m
[0mGET /javascripts/wysihtml5-master/parser_rules/advanced.js [36m304 [0m3.281 ms - -[0m
[0mGET /javascripts/util.js [36m304 [0m4.130 ms - -[0m
[0mGET /javascripts/angular.js [36m304 [0m3.641 ms - -[0m
[0mGET /javascripts/lodash.min.js [36m304 [0m3.706 ms - -[0m
[0mGET /javascripts/wysihtml5-master/dist/wysihtml5-0.4.0pre.js [36m304 [0m3.542 ms - -[0m
[0mGET /javascripts/angular-animate.min.js [36m304 [0m2.238 ms - -[0m
[0mGET /javascripts/index.js [36m304 [0m2.312 ms - -[0m
[0mGET /javascripts/directive/testcaseview.js [36m304 [0m0.990 ms - -[0m
[0mGET /gamestate/20150925/query/ [36m304 [0m28.375 ms - -[0m
[0mGET /gamestate/20150925/manage/ [36m304 [0m1.220 ms - -[0m
[0mGET / [36m304 [0m0.623 ms - -[0m
[0mGET /javascripts/lodash.min.js [36m304 [0m1.956 ms - -[0m
[0mGET /javascripts/wysihtml5-master/dist/wysihtml5-0.4.0pre.js [36m304 [0m2.097 ms - -[0m
[0mGET /javascripts/angular.js [36m304 [0m2.592 ms - -[0m
[0mGET /stylesheets/common.css [36m304 [0m2.686 ms - -[0m
[0mGET /javascripts/util.js [36m304 [0m2.858 ms - -[0m
[0mGET /javascripts/wysihtml5-master/parser_rules/advanced.js [36m304 [0m2.742 ms - -[0m
[0mGET /javascripts/angular-animate.min.js [36m304 [0m0.783 ms - -[0m
[0mGET /javascripts/index.js [36m304 [0m0.752 ms - -[0m
[0mGET /javascripts/directive/testcaseview.js [36m304 [0m0.599 ms - -[0m
[0mGET /gamestate/20150925/query/ [36m304 [0m28.987 ms - -[0m
[0mGET /gamestate/20150925/manage/ [36m304 [0m1.795 ms - -[0m
[0mGET / [32m200 [0m1.208 ms - 7968[0m
[0mGET /stylesheets/common.css [36m304 [0m0.551 ms - -[0m
[0mGET /javascripts/util.js [36m304 [0m1.997 ms - -[0m
[0mGET /javascripts/wysihtml5-master/dist/wysihtml5-0.4.0pre.js [36m304 [0m1.241 ms - -[0m
[0mGET /javascripts/wysihtml5-master/parser_rules/advanced.js [36m304 [0m2.171 ms - -[0m
[0mGET /javascripts/angular.js [36m304 [0m1.348 ms - -[0m
[0mGET /javascripts/lodash.min.js [36m304 [0m2.396 ms - -[0m
[0mGET /javascripts/angular-animate.min.js [36m304 [0m1.712 ms - -[0m
[0mGET /javascripts/directive/testcaseview.js [36m304 [0m0.869 ms - -[0m
[0mGET /javascripts/index.js [32m200 [0m1.488 ms - 8496[0m
[0mGET /images/loading.gif [36m304 [0m0.534 ms - -[0m
[0mGET /gamestate/20150925/query/ [32m200 [0m26.012 ms - 3849[0m
[0mGET /favicon.ico [33m404 [0m206.916 ms - 1205[0m
[0mGET /gamestate/20150925/manage/ [36m304 [0m1.391 ms - -[0m
[0mGET / [32m200 [0m0.821 ms - 7968[0m
[0mGET /stylesheets/common.css [36m304 [0m0.985 ms - -[0m
[0mGET /javascripts/util.js [36m304 [0m0.808 ms - -[0m
[0mGET /javascripts/wysihtml5-master/parser_rules/advanced.js [36m304 [0m0.887 ms - -[0m
[0mGET /javascripts/wysihtml5-master/dist/wysihtml5-0.4.0pre.js [36m304 [0m1.030 ms - -[0m
[0mGET /javascripts/lodash.min.js [36m304 [0m0.945 ms - -[0m
[0mGET /javascripts/angular.js [36m304 [0m0.900 ms - -[0m
[0mGET /javascripts/angular-animate.min.js [36m304 [0m0.927 ms - -[0m
[0mGET /javascripts/directive/testcaseview.js [36m304 [0m0.853 ms - -[0m
[0mGET /javascripts/index.js [32m200 [0m1.498 ms - 8496[0m
[0mGET /images/loading.gif [36m304 [0m0.568 ms - -[0m
[0mGET /gamestate/20150925/query/ [32m200 [0m82.698 ms - 3848[0m
[0mGET /favicon.ico [33m404 [0m25.442 ms - 1205[0m
[0mGET /gamestate/20150925/manage/ [36m304 [0m1.094 ms - -[0m
[0mGET / [36m304 [0m0.573 ms - -[0m
[0mGET /stylesheets/common.css [36m304 [0m0.617 ms - -[0m
[0mGET /javascripts/util.js [36m304 [0m0.668 ms - -[0m
[0mGET /javascripts/wysihtml5-master/parser_rules/advanced.js [36m304 [0m1.666 ms - -[0m
[0mGET /javascripts/lodash.min.js [36m304 [0m1.417 ms - -[0m
[0mGET /javascripts/angular.js [36m304 [0m1.368 ms - -[0m
[0mGET /javascripts/angular-animate.min.js [36m304 [0m1.419 ms - -[0m
[0mGET /javascripts/wysihtml5-master/dist/wysihtml5-0.4.0pre.js [36m304 [0m1.645 ms - -[0m
[0mGET /javascripts/index.js [36m304 [0m0.769 ms - -[0m
[0mGET /javascripts/directive/testcaseview.js [36m304 [0m1.064 ms - -[0m
[0mGET /gamestate/20150925/query/ [36m304 [0m56.473 ms - -[0m
[0mGET /gamestate/20150925/manage/ [36m304 [0m1.326 ms - -[0m
[0mGET / [36m304 [0m0.629 ms - -[0m
[0mGET /stylesheets/common.css [36m304 [0m0.499 ms - -[0m
[0mGET /javascripts/util.js [36m304 [0m0.748 ms - -[0m
[0mGET /javascripts/wysihtml5-master/parser_rules/advanced.js [36m304 [0m0.760 ms - -[0m
[0mGET /javascripts/wysihtml5-master/dist/wysihtml5-0.4.0pre.js [36m304 [0m0.521 ms - -[0m
[0mGET /javascripts/lodash.min.js [36m304 [0m0.509 ms - -[0m
[0mGET /javascripts/angular-animate.min.js [36m304 [0m1.191 ms - -[0m
[0mGET /javascripts/index.js [36m304 [0m1.219 ms - -[0m
[0mGET /javascripts/angular.js [36m304 [0m1.460 ms - -[0m
[0mGET /javascripts/directive/testcaseview.js [36m304 [0m1.553 ms - -[0m
[0mGET /gamestate/20150925/query/ [36m304 [0m23.832 ms - -[0m
[0mGET /gamestate/20150925/manage/ [36m304 [0m1.069 ms - -[0m
[0mGET / [36m304 [0m0.652 ms - -[0m
[0mGET /stylesheets/common.css [36m304 [0m1.089 ms - -[0m
[0mGET /javascripts/util.js [36m304 [0m0.947 ms - -[0m
[0mGET /javascripts/wysihtml5-master/parser_rules/advanced.js [36m304 [0m0.948 ms - -[0m
[0mGET /javascripts/wysihtml5-master/dist/wysihtml5-0.4.0pre.js [36m304 [0m0.901 ms - -[0m
[0mGET /javascripts/lodash.min.js [36m304 [0m0.882 ms - -[0m
[0mGET /javascripts/angular.js [36m304 [0m1.215 ms - -[0m
[0mGET /javascripts/index.js [36m304 [0m1.150 ms - -[0m
[0mGET /javascripts/directive/testcaseview.js [36m304 [0m1.079 ms - -[0m
[0mGET /javascripts/angular-animate.min.js [36m304 [0m1.077 ms - -[0m
[0mGET /gamestate/20150925/query/ [36m304 [0m76.547 ms - -[0m
[0mGET /gamestate/20150925/manage/ [36m304 [0m1.596 ms - -[0m
[0mGET / [32m200 [0m1.694 ms - 7968[0m
[0mGET /stylesheets/common.css [32m200 [0m4.645 ms - 4673[0m
[0mGET /javascripts/util.js [32m200 [0m4.374 ms - 242[0m
[0mGET /javascripts/wysihtml5-master/parser_rules/advanced.js [32m200 [0m4.426 ms - 13996[0m
[0mGET /javascripts/lodash.min.js [32m200 [0m4.682 ms - 46302[0m
[0mGET /javascripts/index.js [32m200 [0m3.727 ms - 8496[0m
[0mGET /javascripts/directive/testcaseview.js [32m200 [0m3.749 ms - 7061[0m
[0mGET /javascripts/angular-animate.min.js [32m200 [0m4.709 ms - 13482[0m
[0mGET /javascripts/wysihtml5-master/dist/wysihtml5-0.4.0pre.js [32m200 [0m8.396 ms - 334329[0m
[0mGET /javascripts/angular.js [32m200 [0m9.946 ms - 987976[0m
[0mGET /images/loading.gif [32m200 [0m0.753 ms - 1900[0m
[0mGET /gamestate/20150925/query/ [32m200 [0m26.060 ms - 3848[0m
[0mGET /gamestate/20150925/manage/ [36m304 [0m0.859 ms - -[0m
[0mGET / [36m304 [0m11.899 ms - -[0m
[0mGET /stylesheets/common.css [36m304 [0m3.174 ms - -[0m
[0mGET /javascripts/util.js [36m304 [0m3.051 ms - -[0m
[0mGET /javascripts/wysihtml5-master/parser_rules/advanced.js [36m304 [0m2.953 ms - -[0m
[0mGET /javascripts/wysihtml5-master/dist/wysihtml5-0.4.0pre.js [36m304 [0m2.664 ms - -[0m
[0mGET /javascripts/lodash.min.js [36m304 [0m2.759 ms - -[0m
[0mGET /javascripts/angular.js [36m304 [0m2.978 ms - -[0m
[0mGET /javascripts/angular-animate.min.js [36m304 [0m1.094 ms - -[0m
[0mGET /javascripts/index.js [36m304 [0m4.068 ms - -[0m
[0mGET /javascripts/directive/testcaseview.js [36m304 [0m4.091 ms - -[0m
[0mGET /gamestate/20150925/query/ [36m304 [0m55.343 ms - -[0m
[0mGET /gamestate/20150925/manage/ [36m304 [0m3.662 ms - -[0m
[0mGET / [36m304 [0m0.714 ms - -[0m
[0mGET /stylesheets/common.css [36m304 [0m1.191 ms - -[0m
[0mGET /javascripts/util.js [36m304 [0m1.257 ms - -[0m
[0mGET /javascripts/wysihtml5-master/parser_rules/advanced.js [36m304 [0m1.482 ms - -[0m
[0mGET /javascripts/wysihtml5-master/dist/wysihtml5-0.4.0pre.js [36m304 [0m3.613 ms - -[0m
[0mGET /javascripts/angular-animate.min.js [36m304 [0m2.235 ms - -[0m
[0mGET /javascripts/index.js [36m304 [0m1.764 ms - -[0m
[0mGET /javascripts/directive/testcaseview.js [36m304 [0m1.869 ms - -[0m
[0mGET /javascripts/lodash.min.js [36m304 [0m2.531 ms - -[0m
[0mGET /javascripts/angular.js [36m304 [0m2.781 ms - -[0m
[0mGET /gamestate/20150925/query/ [36m304 [0m31.789 ms - -[0m
[0mGET /gamestate/20150925/manage/ [36m304 [0m0.924 ms - -[0m
[0mGET /stylesheets/common.css [36m304 [0m3.095 ms - -[0m
[0mGET /javascripts/angular-animate.min.js.map [36m304 [0m1.611 ms - -[0m
[0mGET / [32m200 [0m12.132 ms - 8054[0m
[0mGET /stylesheets/common.css [32m200 [0m13.152 ms - 4673[0m
[0mGET /javascripts/util.js [32m200 [0m11.959 ms - 242[0m
[0mGET /javascripts/wysihtml5-master/parser_rules/advanced.js [32m200 [0m11.787 ms - 13996[0m
[0mGET /javascripts/lodash.min.js [32m200 [0m12.540 ms - 46302[0m
[0mGET /javascripts/angular-animate.min.js [32m200 [0m5.370 ms - 13482[0m
[0mGET /javascripts/wysihtml5-master/dist/wysihtml5-0.4.0pre.js [32m200 [0m22.642 ms - 334329[0m
[0mGET /javascripts/index.js [32m200 [0m5.706 ms - 8496[0m
[0mGET /javascripts/directive/testcaseview.js [32m200 [0m6.346 ms - 7061[0m
[0mGET /javascripts/angular.js [32m200 [0m47.118 ms - 987976[0m
[0mGET /images/loading.gif [32m200 [0m1.349 ms - 1900[0m
[0mGET /gamestate/20150925/query/ [32m200 [0m95.562 ms - 3849[0m
[0mGET /javascripts/angular-animate.min.js.map [36m304 [0m4.632 ms - -[0m
[0mGET /gamestate/20150925/manage/ [32m200 [0m2.763 ms - 46[0m
[0mGET / [36m304 [0m0.951 ms - -[0m
[0mGET /stylesheets/common.css [36m304 [0m3.292 ms - -[0m
[0mGET /javascripts/util.js [36m304 [0m3.115 ms - -[0m
[0mGET /javascripts/wysihtml5-master/parser_rules/advanced.js [36m304 [0m1.540 ms - -[0m
[0mGET /javascripts/lodash.min.js [36m304 [0m6.349 ms - -[0m
[0mGET /javascripts/wysihtml5-master/dist/wysihtml5-0.4.0pre.js [36m304 [0m6.790 ms - -[0m
[0mGET /javascripts/angular.js [36m304 [0m4.356 ms - -[0m
[0mGET /javascripts/angular-animate.min.js [36m304 [0m3.298 ms - -[0m
[0mGET /javascripts/index.js [36m304 [0m1.937 ms - -[0m
[0mGET /javascripts/directive/testcaseview.js [36m304 [0m1.805 ms - -[0m
[0mGET /gamestate/20150925/query/ [36m304 [0m37.441 ms - -[0m
[0mGET /gamestate/20150925/manage/ [36m304 [0m2.006 ms - -[0m
[0mGET / [32m200 [0m2.599 ms - 8054[0m
[0mGET /stylesheets/common.css [36m304 [0m3.399 ms - -[0m
[0mGET /javascripts/wysihtml5-master/parser_rules/advanced.js [36m304 [0m2.594 ms - -[0m
[0mGET /javascripts/wysihtml5-master/dist/wysihtml5-0.4.0pre.js [36m304 [0m2.385 ms - -[0m
[0mGET /javascripts/util.js [36m304 [0m2.520 ms - -[0m
[0mGET /javascripts/lodash.min.js [36m304 [0m2.307 ms - -[0m
[0mGET /javascripts/angular.js [36m304 [0m2.507 ms - -[0m
[0mGET /javascripts/angular-animate.min.js [36m304 [0m1.652 ms - -[0m
[0mGET /javascripts/index.js [36m304 [0m2.836 ms - -[0m
[0mGET /javascripts/directive/testcaseview.js [36m304 [0m1.847 ms - -[0m
[0mGET /gamestate/20150925/query/ [32m200 [0m23.925 ms - 3849[0m
[0mGET /gamestate/20150925/manage/ [36m304 [0m1.015 ms - -[0m
[0mGET / [32m200 [0m1.622 ms - 8054[0m
[0mGET /stylesheets/common.css [36m304 [0m2.239 ms - -[0m
[0mGET /javascripts/util.js [36m304 [0m1.738 ms - -[0m
[0mGET /javascripts/wysihtml5-master/parser_rules/advanced.js [36m304 [0m1.847 ms - -[0m
[0mGET /javascripts/wysihtml5-master/dist/wysihtml5-0.4.0pre.js [36m304 [0m1.832 ms - -[0m
[0mGET /javascripts/lodash.min.js [36m304 [0m1.654 ms - -[0m
[0mGET /javascripts/angular.js [36m304 [0m1.781 ms - -[0m
[0mGET /javascripts/angular-animate.min.js [36m304 [0m0.963 ms - -[0m
[0mGET /javascripts/index.js [36m304 [0m0.858 ms - -[0m
[0mGET /javascripts/directive/testcaseview.js [36m304 [0m0.723 ms - -[0m
[0mGET /images/loading.gif [36m304 [0m1.071 ms - -[0m
[0mGET /gamestate/20150925/query/ [32m200 [0m44.639 ms - 3849[0m
[0mGET /favicon.ico [33m404 [0m363.593 ms - 1205[0m
[0mGET /gamestate/20150925/manage/ [36m304 [0m1.845 ms - -[0m
[0mGET / [36m304 [0m1.831 ms - -[0m
[0mGET /stylesheets/common.css [36m304 [0m1.569 ms - -[0m
[0mGET /javascripts/wysihtml5-master/parser_rules/advanced.js [36m304 [0m1.181 ms - -[0m
[0mGET /javascripts/util.js [36m304 [0m1.235 ms - -[0m
[0mGET /javascripts/wysihtml5-master/dist/wysihtml5-0.4.0pre.js [36m304 [0m2.275 ms - -[0m
[0mGET /javascripts/lodash.min.js [36m304 [0m1.190 ms - -[0m
[0mGET /javascripts/angular.js [36m304 [0m1.221 ms - -[0m
[0mGET /javascripts/index.js [36m304 [0m1.356 ms - -[0m
[0mGET /javascripts/angular-animate.min.js [36m304 [0m0.914 ms - -[0m
[0mGET /javascripts/directive/testcaseview.js [36m304 [0m0.953 ms - -[0m
[0mGET /gamestate/20150925/query/ [36m304 [0m26.783 ms - -[0m
[0mGET /gamestate/20150925/manage/ [36m304 [0m1.231 ms - -[0m
[0mGET / [36m304 [0m2.981 ms - -[0m
[0mGET /stylesheets/common.css [36m304 [0m2.123 ms - -[0m
[0mGET /javascripts/lodash.min.js [36m304 [0m4.290 ms - -[0m
[0mGET /javascripts/angular.js [36m304 [0m3.552 ms - -[0m
[0mGET /javascripts/wysihtml5-master/parser_rules/advanced.js [36m304 [0m3.671 ms - -[0m
[0mGET /javascripts/wysihtml5-master/dist/wysihtml5-0.4.0pre.js [36m304 [0m2.871 ms - -[0m
[0mGET /javascripts/util.js [36m304 [0m2.834 ms - -[0m
[0mGET /javascripts/angular-animate.min.js [36m304 [0m2.057 ms - -[0m
[0mGET /javascripts/index.js [36m304 [0m2.665 ms - -[0m
[0mGET /javascripts/directive/testcaseview.js [36m304 [0m1.248 ms - -[0m
[0mGET /gamestate/20150925/query/ [36m304 [0m37.192 ms - -[0m
[0mGET /gamestate/20150925/manage/ [36m304 [0m1.509 ms - -[0m
[0mGET / [36m304 [0m1.474 ms - -[0m
[0mGET /stylesheets/common.css [36m304 [0m4.546 ms - -[0m
[0mGET /javascripts/util.js [36m304 [0m4.601 ms - -[0m
[0mGET /javascripts/wysihtml5-master/parser_rules/advanced.js [36m304 [0m4.619 ms - -[0m
[0mGET /javascripts/angular.js [36m304 [0m5.835 ms - -[0m
[0mGET /javascripts/lodash.min.js [36m304 [0m5.737 ms - -[0m
[0mGET /javascripts/wysihtml5-master/dist/wysihtml5-0.4.0pre.js [36m304 [0m4.804 ms - -[0m
[0mGET /javascripts/angular-animate.min.js [36m304 [0m2.632 ms - -[0m
[0mGET /javascripts/index.js [36m304 [0m2.879 ms - -[0m
[0mGET /javascripts/directive/testcaseview.js [36m304 [0m2.694 ms - -[0m
[0mGET /gamestate/20150925/query/ [36m304 [0m32.410 ms - -[0m
[0mGET /gamestate/20150925/manage/ [36m304 [0m1.476 ms - -[0m
[0mGET / [36m304 [0m0.631 ms - -[0m
[0mGET /stylesheets/common.css [36m304 [0m11.159 ms - -[0m
[0mGET /javascripts/util.js [36m304 [0m11.067 ms - -[0m
[0mGET /javascripts/wysihtml5-master/parser_rules/advanced.js [36m304 [0m5.384 ms - -[0m
[0mGET /javascripts/lodash.min.js [36m304 [0m4.266 ms - -[0m
[0mGET /javascripts/angular.js [36m304 [0m3.820 ms - -[0m
[0mGET /javascripts/wysihtml5-master/dist/wysihtml5-0.4.0pre.js [36m304 [0m3.654 ms - -[0m
[0mGET /javascripts/angular-animate.min.js [36m304 [0m1.834 ms - -[0m
[0mGET /javascripts/index.js [36m304 [0m1.921 ms - -[0m
[0mGET /javascripts/directive/testcaseview.js [36m304 [0m1.935 ms - -[0m
[0mGET /gamestate/20150925/query/ [36m304 [0m38.273 ms - -[0m
[0mGET /gamestate/20150925/manage/ [36m304 [0m1.443 ms - -[0m
[0mGET / [36m304 [0m0.776 ms - -[0m
[0mGET /stylesheets/common.css [36m304 [0m3.343 ms - -[0m
[0mGET /javascripts/util.js [36m304 [0m3.248 ms - -[0m
[0mGET /javascripts/wysihtml5-master/parser_rules/advanced.js [36m304 [0m3.124 ms - -[0m
[0mGET /javascripts/angular.js [36m304 [0m3.233 ms - -[0m
[0mGET /javascripts/lodash.min.js [36m304 [0m3.850 ms - -[0m
[0mGET /javascripts/wysihtml5-master/dist/wysihtml5-0.4.0pre.js [36m304 [0m3.709 ms - -[0m
[0mGET /javascripts/index.js [36m304 [0m2.048 ms - -[0m
[0mGET /javascripts/angular-animate.min.js [36m304 [0m2.761 ms - -[0m
[0mGET /javascripts/directive/testcaseview.js [36m304 [0m2.047 ms - -[0m
[0mGET /gamestate/20150925/query/ [36m304 [0m30.435 ms - -[0m
[0mGET /gamestate/20150925/manage/ [36m304 [0m1.173 ms - -[0m
[0mGET / [36m304 [0m1.190 ms - -[0m
[0mGET /stylesheets/common.css [36m304 [0m1.828 ms - -[0m
[0mGET /javascripts/wysihtml5-master/parser_rules/advanced.js [36m304 [0m4.856 ms - -[0m
[0mGET /javascripts/util.js [36m304 [0m5.110 ms - -[0m
[0mGET /javascripts/angular.js [36m304 [0m5.068 ms - -[0m
[0mGET /javascripts/lodash.min.js [36m304 [0m5.124 ms - -[0m
[0mGET /javascripts/wysihtml5-master/dist/wysihtml5-0.4.0pre.js [36m304 [0m6.202 ms - -[0m
[0mGET /javascripts/angular-animate.min.js [36m304 [0m3.521 ms - -[0m
[0mGET /javascripts/index.js [36m304 [0m2.501 ms - -[0m
[0mGET /javascripts/directive/testcaseview.js [36m304 [0m3.150 ms - -[0m
[0mGET /gamestate/20150925/query/ [36m304 [0m33.542 ms - -[0m
[0mGET /gamestate/20150925/manage/ [36m304 [0m1.361 ms - -[0m
[0mGET / [36m304 [0m1.060 ms - -[0m
[0mGET /stylesheets/common.css [36m304 [0m3.224 ms - -[0m
[0mGET /javascripts/util.js [36m304 [0m3.570 ms - -[0m
[0mGET /javascripts/wysihtml5-master/parser_rules/advanced.js [36m304 [0m3.516 ms - -[0m
[0mGET /javascripts/angular.js [36m304 [0m3.368 ms - -[0m
[0mGET /javascripts/lodash.min.js [36m304 [0m3.247 ms - -[0m
[0mGET /javascripts/wysihtml5-master/dist/wysihtml5-0.4.0pre.js [36m304 [0m3.129 ms - -[0m
[0mGET /javascripts/angular-animate.min.js [36m304 [0m0.755 ms - -[0m
[0mGET /javascripts/directive/testcaseview.js [36m304 [0m1.957 ms - -[0m
[0mGET /javascripts/index.js [36m304 [0m2.240 ms - -[0m
[0mGET /gamestate/20150925/query/ [36m304 [0m38.549 ms - -[0m
[0mGET /gamestate/20150925/manage/ [36m304 [0m1.758 ms - -[0m
[0mGET / [32m200 [0m1.515 ms - 8054[0m
[0mGET /stylesheets/common.css [36m304 [0m1.569 ms - -[0m
[0mGET /javascripts/util.js [36m304 [0m1.980 ms - -[0m
[0mGET /javascripts/wysihtml5-master/parser_rules/advanced.js [36m304 [0m2.030 ms - -[0m
[0mGET /javascripts/wysihtml5-master/dist/wysihtml5-0.4.0pre.js [36m304 [0m1.996 ms - -[0m
[0mGET /javascripts/lodash.min.js [36m304 [0m2.989 ms - -[0m
[0mGET /javascripts/angular.js [36m304 [0m2.917 ms - -[0m
[0mGET /javascripts/angular-animate.min.js [36m304 [0m2.135 ms - -[0m
[0mGET /javascripts/index.js [36m304 [0m2.036 ms - -[0m
[0mGET /javascripts/directive/testcaseview.js [36m304 [0m1.052 ms - -[0m
[0mGET /gamestate/20150925/query/ [32m200 [0m34.016 ms - 3850[0m
[0mGET /gamestate/20150925/manage/ [36m304 [0m1.117 ms - -[0m
[0mGET / [36m304 [0m1.879 ms - -[0m
[0mGET /stylesheets/common.css [36m304 [0m7.776 ms - -[0m
[0mGET /javascripts/util.js [36m304 [0m6.049 ms - -[0m
[0mGET /javascripts/wysihtml5-master/parser_rules/advanced.js [36m304 [0m6.234 ms - -[0m
[0mGET /javascripts/wysihtml5-master/dist/wysihtml5-0.4.0pre.js [36m304 [0m6.012 ms - -[0m
[0mGET /javascripts/lodash.min.js [36m304 [0m5.970 ms - -[0m
[0mGET /javascripts/angular.js [36m304 [0m5.809 ms - -[0m
[0mGET /javascripts/angular-animate.min.js [36m304 [0m2.772 ms - -[0m
[0mGET /javascripts/index.js [36m304 [0m1.990 ms - -[0m
[0mGET /javascripts/directive/testcaseview.js [36m304 [0m4.137 ms - -[0m
[0mGET /images/loading.gif [36m304 [0m0.824 ms - -[0m
[0mGET /gamestate/20150911/query/ [32m200 [0m133.065 ms - 4684[0m
[0mGET /favicon.ico [33m404 [0m46.868 ms - 1205[0m
[0mGET /gamestate/20150911/manage/ [36m304 [0m3.315 ms - -[0m
[0mGET /favicon.ico [33m404 [0m39.279 ms - 1205[0m
[0mGET / [36m304 [0m0.773 ms - -[0m
[0mGET /stylesheets/common.css [36m304 [0m2.232 ms - -[0m
[0mGET /javascripts/util.js [36m304 [0m2.325 ms - -[0m
[0mGET /javascripts/wysihtml5-master/parser_rules/advanced.js [36m304 [0m2.089 ms - -[0m
[0mGET /javascripts/wysihtml5-master/dist/wysihtml5-0.4.0pre.js [36m304 [0m1.852 ms - -[0m
[0mGET /javascripts/angular.js [36m304 [0m1.543 ms - -[0m
[0mGET /javascripts/lodash.min.js [36m304 [0m1.533 ms - -[0m
[0mGET /javascripts/angular-animate.min.js [36m304 [0m2.208 ms - -[0m
[0mGET /javascripts/index.js [36m304 [0m2.256 ms - -[0m
[0mGET /javascripts/directive/testcaseview.js [36m304 [0m0.583 ms - -[0m
[0mGET /images/loading.gif [36m304 [0m0.678 ms - -[0m
[0mGET /gamestate/20150925/query/ [36m304 [0m234.942 ms - -[0m
[0mGET /gamestate/20150925/manage/ [36m304 [0m0.929 ms - -[0m
[0mGET / [36m304 [0m1.072 ms - -[0m
[0mGET /stylesheets/common.css [36m304 [0m3.283 ms - -[0m
[0mGET /javascripts/util.js [36m304 [0m3.890 ms - -[0m
[0mGET /javascripts/wysihtml5-master/parser_rules/advanced.js [36m304 [0m4.260 ms - -[0m
[0mGET /javascripts/wysihtml5-master/dist/wysihtml5-0.4.0pre.js [36m304 [0m4.973 ms - -[0m
[0mGET /javascripts/lodash.min.js [36m304 [0m5.214 ms - -[0m
[0mGET /javascripts/angular.js [36m304 [0m1.184 ms - -[0m
[0mGET /javascripts/angular-animate.min.js [36m304 [0m1.294 ms - -[0m
[0mGET /javascripts/index.js [36m304 [0m1.478 ms - -[0m
[0mGET /javascripts/directive/testcaseview.js [36m304 [0m0.929 ms - -[0m
[0mGET /gamestate/20150925/query/ [36m304 [0m114.846 ms - -[0m
[0mGET /gamestate/20150925/manage/ [36m304 [0m2.669 ms - -[0m
[0mGET / [36m304 [0m3.256 ms - -[0m
[0mGET /stylesheets/common.css [36m304 [0m3.043 ms - -[0m
[0mGET /javascripts/wysihtml5-master/parser_rules/advanced.js [36m304 [0m2.708 ms - -[0m
[0mGET /javascripts/util.js [36m304 [0m4.204 ms - -[0m
[0mGET /javascripts/lodash.min.js [36m304 [0m3.225 ms - -[0m
[0mGET /javascripts/angular.js [36m304 [0m3.352 ms - -[0m
[0mGET /javascripts/wysihtml5-master/dist/wysihtml5-0.4.0pre.js [36m304 [0m3.271 ms - -[0m
[0mGET /javascripts/angular-animate.min.js [36m304 [0m2.462 ms - -[0m
[0mGET /javascripts/index.js [36m304 [0m2.336 ms - -[0m
[0mGET /javascripts/directive/testcaseview.js [36m304 [0m2.116 ms - -[0m
[0mGET /gamestate/20150925/query/ [36m304 [0m125.359 ms - -[0m
[0mGET /gamestate/20150925/manage/ [36m304 [0m2.244 ms - -[0m
[0mGET / [36m304 [0m1.223 ms - -[0m
[0mGET /stylesheets/common.css [36m304 [0m3.226 ms - -[0m
[0mGET /javascripts/angular.js [36m304 [0m3.234 ms - -[0m
[0mGET /javascripts/lodash.min.js [36m304 [0m3.251 ms - -[0m
[0mGET /javascripts/wysihtml5-master/dist/wysihtml5-0.4.0pre.js [36m304 [0m3.173 ms - -[0m
[0mGET /javascripts/wysihtml5-master/parser_rules/advanced.js [36m304 [0m3.348 ms - -[0m
[0mGET /javascripts/util.js [36m304 [0m3.500 ms - -[0m
[0mGET /javascripts/angular-animate.min.js [36m304 [0m1.438 ms - -[0m
[0mGET /javascripts/index.js [36m304 [0m1.099 ms - -[0m
[0mGET /javascripts/directive/testcaseview.js [36m304 [0m1.023 ms - -[0m
[0mGET /gamestate/20150925/query/ [36m304 [0m131.397 ms - -[0m
[0mGET /gamestate/20150925/manage/ [36m304 [0m1.363 ms - -[0m
[0mGET / [36m304 [0m7.607 ms - -[0m
[0mGET /stylesheets/common.css [36m304 [0m1.966 ms - -[0m
[0mGET /javascripts/util.js [36m304 [0m1.887 ms - -[0m
[0mGET /javascripts/wysihtml5-master/parser_rules/advanced.js [36m304 [0m1.598 ms - -[0m
[0mGET /javascripts/lodash.min.js [36m304 [0m1.569 ms - -[0m
[0mGET /javascripts/wysihtml5-master/dist/wysihtml5-0.4.0pre.js [36m304 [0m1.756 ms - -[0m
[0mGET /javascripts/angular.js [36m304 [0m2.110 ms - -[0m
[0mGET /javascripts/angular-animate.min.js [36m304 [0m1.319 ms - -[0m
[0mGET /javascripts/index.js [36m304 [0m1.558 ms - -[0m
[0mGET /javascripts/directive/testcaseview.js [36m304 [0m1.476 ms - -[0m
[0mGET /gamestate/20150925/query/ [36m304 [0m118.249 ms - -[0m
[0mGET /gamestate/20150925/manage/ [36m304 [0m0.948 ms - -[0m
[0mGET / [36m304 [0m0.584 ms - -[0m
[0mGET /stylesheets/common.css [36m304 [0m4.923 ms - -[0m
[0mGET /javascripts/wysihtml5-master/parser_rules/advanced.js [36m304 [0m5.055 ms - -[0m
[0mGET /javascripts/util.js [36m304 [0m5.003 ms - -[0m
[0mGET /javascripts/lodash.min.js [36m304 [0m5.122 ms - -[0m
[0mGET /javascripts/wysihtml5-master/dist/wysihtml5-0.4.0pre.js [36m304 [0m4.685 ms - -[0m
[0mGET /javascripts/angular.js [36m304 [0m0.834 ms - -[0m
[0mGET /javascripts/directive/testcaseview.js [36m304 [0m2.023 ms - -[0m
[0mGET /javascripts/index.js [36m304 [0m1.798 ms - -[0m
[0mGET /javascripts/angular-animate.min.js [36m304 [0m1.678 ms - -[0m
[0mGET /gamestate/20150925/query/ [36m304 [0m67.091 ms - -[0m
[0mGET /gamestate/20150925/manage/ [36m304 [0m1.598 ms - -[0m
[0mGET /stylesheets/common.css [36m304 [0m0.729 ms - -[0m
[0mGET /javascripts/angular-animate.min.js.map [36m304 [0m0.836 ms - -[0m
[0mGET / [32m200 [0m1.378 ms - 8068[0m
[0mGET /stylesheets/common.css [32m200 [0m3.957 ms - 4673[0m
[0mGET /javascripts/wysihtml5-master/parser_rules/advanced.js [32m200 [0m3.853 ms - 13996[0m
[0mGET /javascripts/util.js [32m200 [0m4.322 ms - 242[0m
[0mGET /javascripts/lodash.min.js [32m200 [0m6.022 ms - 46302[0m
[0mGET /javascripts/angular-animate.min.js [32m200 [0m3.470 ms - 13482[0m
[0mGET /javascripts/index.js [32m200 [0m1.624 ms - 8496[0m
[0mGET /javascripts/wysihtml5-master/dist/wysihtml5-0.4.0pre.js [32m200 [0m30.039 ms - 334329[0m
[0mGET /javascripts/directive/testcaseview.js [32m200 [0m2.434 ms - 7061[0m
[0mGET /javascripts/angular.js [32m200 [0m34.769 ms - 987976[0m
[0mGET /images/loading.gif [32m200 [0m1.558 ms - 1900[0m
[0mGET /gamestate/20150925/query/ [32m200 [0m156.790 ms - 3849[0m
[0mGET /javascripts/angular-animate.min.js.map [36m304 [0m1.832 ms - -[0m
[0mGET /gamestate/20150925/manage/ [32m200 [0m1.493 ms - 46[0m
[0mGET / [32m200 [0m1.181 ms - 8054[0m
[0mGET /stylesheets/common.css [32m200 [0m9.682 ms - 4673[0m
[0mGET /javascripts/util.js [32m200 [0m8.367 ms - 242[0m
[0mGET /javascripts/wysihtml5-master/parser_rules/advanced.js [32m200 [0m8.360 ms - 13996[0m
[0mGET /javascripts/lodash.min.js [32m200 [0m8.163 ms - 46302[0m
[0mGET /javascripts/angular-animate.min.js [32m200 [0m3.740 ms - 13482[0m
[0mGET /javascripts/wysihtml5-master/dist/wysihtml5-0.4.0pre.js [32m200 [0m25.932 ms - 334329[0m
[0mGET /javascripts/index.js [32m200 [0m6.998 ms - 8496[0m
[0mGET /javascripts/directive/testcaseview.js [32m200 [0m2.865 ms - 7061[0m
[0mGET /javascripts/angular.js [32m200 [0m36.532 ms - 987976[0m
[0mGET /images/loading.gif [32m200 [0m6.728 ms - 1900[0m
[0mGET /gamestate/20150925/query/ [32m200 [0m145.991 ms - 3849[0m
[0mGET /javascripts/angular-animate.min.js.map [36m304 [0m0.995 ms - -[0m
[0mGET /gamestate/20150925/manage/ [32m200 [0m1.229 ms - 46[0m
[0mGET / [32m200 [0m2.426 ms - 8065[0m
[0mGET /stylesheets/common.css [32m200 [0m7.943 ms - 4673[0m
[0mGET /javascripts/util.js [32m200 [0m7.200 ms - 242[0m
[0mGET /javascripts/lodash.min.js [32m200 [0m6.784 ms - 46302[0m
[0mGET /javascripts/wysihtml5-master/parser_rules/advanced.js [32m200 [0m8.216 ms - 13996[0m
[0mGET /javascripts/wysihtml5-master/dist/wysihtml5-0.4.0pre.js [32m200 [0m12.871 ms - 334329[0m
[0mGET /javascripts/angular-animate.min.js [32m200 [0m2.679 ms - 13482[0m
[0mGET /javascripts/index.js [32m200 [0m3.347 ms - 8496[0m
[0mGET /javascripts/directive/testcaseview.js [32m200 [0m4.758 ms - 7061[0m
[0mGET /javascripts/angular.js [32m200 [0m37.060 ms - 987976[0m
[0mGET /images/loading.gif [32m200 [0m1.968 ms - 1900[0m
[0mGET /javascripts/angular-animate.min.js.map [36m304 [0m0.823 ms - -[0m
[0mGET /gamestate/20150925/query/ [32m200 [0m245.120 ms - 3849[0m
[0mGET /gamestate/20150925/manage/ [32m200 [0m1.968 ms - 46[0m
[0mGET / [32m200 [0m1.197 ms - 8069[0m
[0mGET /stylesheets/common.css [32m200 [0m7.318 ms - 4673[0m
[0mGET /javascripts/wysihtml5-master/parser_rules/advanced.js [32m200 [0m7.290 ms - 13996[0m
[0mGET /javascripts/util.js [32m200 [0m7.130 ms - 242[0m
[0mGET /javascripts/lodash.min.js [32m200 [0m11.153 ms - 46302[0m
[0mGET /javascripts/wysihtml5-master/dist/wysihtml5-0.4.0pre.js [32m200 [0m14.120 ms - 334329[0m
[0mGET /javascripts/angular.js [32m200 [0m19.684 ms - 987976[0m
[0mGET /javascripts/directive/testcaseview.js [32m200 [0m3.548 ms - 7061[0m
[0mGET /javascripts/index.js [32m200 [0m4.716 ms - 8496[0m
[0mGET /javascripts/angular-animate.min.js [32m200 [0m7.903 ms - 13482[0m
[0mGET /images/loading.gif [32m200 [0m1.371 ms - 1900[0m
[0mGET /javascripts/angular-animate.min.js.map [36m304 [0m0.992 ms - -[0m
[0mGET / [32m200 [0m1.676 ms - 8054[0m
[0mGET /stylesheets/common.css [32m200 [0m5.014 ms - 4673[0m
[0mGET /javascripts/util.js [32m200 [0m4.806 ms - 242[0m
[0mGET /javascripts/lodash.min.js [32m200 [0m4.828 ms - 46302[0m
[0mGET /javascripts/wysihtml5-master/parser_rules/advanced.js [32m200 [0m5.149 ms - 13996[0m
[0mGET /javascripts/wysihtml5-master/dist/wysihtml5-0.4.0pre.js [32m200 [0m13.563 ms - 334329[0m
[0mGET /javascripts/angular.js [32m200 [0m19.686 ms - 987976[0m
[0mGET /javascripts/angular-animate.min.js [32m200 [0m3.460 ms - 13482[0m
[0mGET /javascripts/index.js [32m200 [0m4.398 ms - 8496[0m
[0mGET /javascripts/directive/testcaseview.js [32m200 [0m2.483 ms - 7061[0m
[0mGET /images/loading.gif [32m200 [0m1.149 ms - 1900[0m
[0mGET /gamestate/20150925/query/ [32m200 [0m137.773 ms - 3849[0m
[0mGET /javascripts/angular-animate.min.js.map [36m304 [0m1.237 ms - -[0m
[0mGET /gamestate/20150925/manage/ [32m200 [0m1.638 ms - 46[0m
[0mGET / [32m200 [0m3.142 ms - 8054[0m
[0mGET /stylesheets/common.css [32m200 [0m4.616 ms - 4673[0m
[0mGET /javascripts/util.js [32m200 [0m3.957 ms - 242[0m
[0mGET /javascripts/wysihtml5-master/parser_rules/advanced.js [32m200 [0m3.867 ms - 13996[0m
[0mGET /javascripts/lodash.min.js [32m200 [0m4.830 ms - 46302[0m
[0mGET /javascripts/angular-animate.min.js [32m200 [0m2.127 ms - 13482[0m
[0mGET /javascripts/index.js [32m200 [0m5.138 ms - 8496[0m
[0mGET /javascripts/wysihtml5-master/dist/wysihtml5-0.4.0pre.js [32m200 [0m25.002 ms - 334329[0m
[0mGET /javascripts/angular.js [32m200 [0m29.089 ms - 987976[0m
[0mGET /javascripts/directive/testcaseview.js [32m200 [0m9.525 ms - 7061[0m
[0mGET /images/loading.gif [32m200 [0m1.347 ms - 1900[0m
[0mGET /gamestate/20150925/query/ [32m200 [0m115.155 ms - 3849[0m
[0mGET /javascripts/angular-animate.min.js.map [36m304 [0m2.409 ms - -[0m
[0mGET /gamestate/20150925/manage/ [32m200 [0m1.082 ms - 46[0m
[0mGET / [32m200 [0m2.256 ms - 8054[0m
[0mGET /stylesheets/common.css [32m200 [0m9.570 ms - 4673[0m
[0mGET /javascripts/util.js [32m200 [0m4.963 ms - 242[0m
[0mGET /javascripts/wysihtml5-master/parser_rules/advanced.js [32m200 [0m4.892 ms - 13996[0m
[0mGET /javascripts/lodash.min.js [32m200 [0m4.341 ms - 46302[0m
[0mGET /javascripts/wysihtml5-master/dist/wysihtml5-0.4.0pre.js [32m200 [0m14.656 ms - 334329[0m
[0mGET /javascripts/angular-animate.min.js [32m200 [0m3.832 ms - 13482[0m
[0mGET /javascripts/index.js [32m200 [0m1.752 ms - 8496[0m
[0mGET /javascripts/directive/testcaseview.js [32m200 [0m5.692 ms - 7061[0m
[0mGET /javascripts/angular.js [32m200 [0m33.276 ms - 987976[0m
[0mGET /images/loading.gif [32m200 [0m1.025 ms - 1900[0m
[0mGET /gamestate/20150925/query/ [32m200 [0m117.708 ms - 3849[0m
[0mGET /javascripts/angular-animate.min.js.map [36m304 [0m1.450 ms - -[0m
[0mGET /gamestate/20150925/manage/ [32m200 [0m1.665 ms - 46[0m
[0mGET / [32m200 [0m1.078 ms - 8054[0m
[0mGET /stylesheets/common.css [32m200 [0m13.403 ms - 4673[0m
[0mGET /javascripts/util.js [32m200 [0m5.528 ms - 242[0m
[0mGET /javascripts/wysihtml5-master/parser_rules/advanced.js [32m200 [0m5.268 ms - 13996[0m
[0mGET /javascripts/lodash.min.js [32m200 [0m4.917 ms - 46302[0m
[0mGET /javascripts/wysihtml5-master/dist/wysihtml5-0.4.0pre.js [32m200 [0m19.947 ms - 334329[0m
[0mGET /javascripts/angular-animate.min.js [32m200 [0m2.665 ms - 13482[0m
[0mGET /javascripts/index.js [32m200 [0m2.742 ms - 8496[0m
[0mGET /javascripts/directive/testcaseview.js [32m200 [0m2.966 ms - 7061[0m
[0mGET /javascripts/angular.js [32m200 [0m31.433 ms - 987976[0m
[0mGET /images/loading.gif [32m200 [0m1.074 ms - 1900[0m
[0mGET /gamestate/20150925/query/ [32m200 [0m61.016 ms - 3849[0m
[0mGET /javascripts/angular-animate.min.js.map [36m304 [0m1.044 ms - -[0m
[0mGET /gamestate/20150925/manage/ [32m200 [0m1.480 ms - 46[0m
[0mGET / [36m304 [0m0.913 ms - -[0m
[0mGET /stylesheets/common.css [36m304 [0m2.318 ms - -[0m
[0mGET /javascripts/lodash.min.js [36m304 [0m1.787 ms - -[0m
[0mGET /javascripts/wysihtml5-master/dist/wysihtml5-0.4.0pre.js [36m304 [0m1.751 ms - -[0m
[0mGET /javascripts/wysihtml5-master/parser_rules/advanced.js [36m304 [0m1.630 ms - -[0m
[0mGET /javascripts/angular.js [36m304 [0m1.705 ms - -[0m
[0mGET /javascripts/util.js [36m304 [0m1.626 ms - -[0m
[0mGET /javascripts/angular-animate.min.js [36m304 [0m2.659 ms - -[0m
[0mGET /javascripts/directive/testcaseview.js [36m304 [0m2.371 ms - -[0m
[0mGET /javascripts/index.js [36m304 [0m3.406 ms - -[0m
[0mGET /images/loading.gif [36m304 [0m0.785 ms - -[0m
[0mGET /gamestate/20150925/query/ [36m304 [0m134.904 ms - -[0m
[0mGET /gamestate/20150925/manage/ [36m304 [0m2.590 ms - -[0m
[0mGET / [36m304 [0m0.884 ms - -[0m
[0mGET /stylesheets/common.css [36m304 [0m1.060 ms - -[0m
[0mGET /javascripts/util.js [36m304 [0m2.835 ms - -[0m
[0mGET /javascripts/wysihtml5-master/parser_rules/advanced.js [36m304 [0m2.715 ms - -[0m
[0mGET /javascripts/wysihtml5-master/dist/wysihtml5-0.4.0pre.js [36m304 [0m2.544 ms - -[0m
[0mGET /javascripts/lodash.min.js [36m304 [0m2.770 ms - -[0m
[0mGET /javascripts/angular.js [36m304 [0m1.352 ms - -[0m
[0mGET /javascripts/angular-animate.min.js [36m304 [0m5.593 ms - -[0m
[0mGET /javascripts/index.js [36m304 [0m3.493 ms - -[0m
[0mGET /javascripts/directive/testcaseview.js [36m304 [0m2.852 ms - -[0m
[0mGET /images/loading.gif [36m304 [0m0.965 ms - -[0m
[0mGET /javascripts/angular-animate.min.js [36m304 [0m0.711 ms - -[0m
[0mGET /javascripts/index.js [36m304 [0m1.185 ms - -[0m
[0mGET /javascripts/directive/testcaseview.js [36m304 [0m1.237 ms - -[0m
[0mGET /gamestate/20150925/query/ [32m200 [0m44.619 ms - 3848[0m
[0mGET /favicon.ico [33m404 [0m22.549 ms - 1205[0m
[0mGET /gamestate/20150925/manage/ [32m200 [0m1.493 ms - 45[0m
[0mPOST /gamestate/20150925/lockDev/4ef1d742-625d-4e73-8e38-f6386b153682 [32m200 [0m22.117 ms - 339[0m
[0mGET /gamestate/20150925/query/ [32m200 [0m27.017 ms - 3859[0m
[0mGET /gamestate/20150925/manage/ [36m304 [0m2.053 ms - -[0m
[0mGET / [36m304 [0m1.885 ms - -[0m
[0mGET /stylesheets/common.css [36m304 [0m4.216 ms - -[0m
[0mGET /javascripts/util.js [36m304 [0m3.316 ms - -[0m
[0mGET /javascripts/wysihtml5-master/parser_rules/advanced.js [36m304 [0m4.957 ms - -[0m
[0mGET /javascripts/wysihtml5-master/dist/wysihtml5-0.4.0pre.js [36m304 [0m2.832 ms - -[0m
[0mGET /javascripts/lodash.min.js [36m304 [0m2.844 ms - -[0m
[0mGET /javascripts/angular.js [36m304 [0m1.547 ms - -[0m
[0mGET /javascripts/angular-animate.min.js [36m304 [0m2.927 ms - -[0m
[0mGET /javascripts/index.js [36m304 [0m3.410 ms - -[0m
[0mGET /javascripts/directive/testcaseview.js [36m304 [0m3.671 ms - -[0m
[0mGET /images/loading.gif [36m304 [0m1.444 ms - -[0m
[0mGET /gamestate/20150925/query/ [32m200 [0m73.556 ms - 3860[0m
[0mGET /gamestate/20150925/manage/ [32m200 [0m21.245 ms - 46[0m
[0mGET /favicon.ico [33m404 [0m49.284 ms - 1205[0m
[0mGET / [32m200 [0m2.035 ms - 8054[0m
[0mGET /stylesheets/common.css [36m304 [0m2.278 ms - -[0m
[0mGET /javascripts/util.js [36m304 [0m1.717 ms - -[0m
[0mGET /javascripts/wysihtml5-master/parser_rules/advanced.js [36m304 [0m1.648 ms - -[0m
[0mGET /javascripts/wysihtml5-master/dist/wysihtml5-0.4.0pre.js [36m304 [0m1.680 ms - -[0m
[0mGET /javascripts/lodash.min.js [36m304 [0m2.135 ms - -[0m
[0mGET /javascripts/angular.js [36m304 [0m0.759 ms - -[0m
[0mGET /javascripts/angular-animate.min.js [36m304 [0m1.210 ms - -[0m
[0mGET /javascripts/index.js [36m304 [0m0.828 ms - -[0m
[0mGET /javascripts/directive/testcaseview.js [36m304 [0m1.636 ms - -[0m
[0mGET /gamestate/20150925/query/ [32m200 [0m47.407 ms - 3860[0m
[0mGET /gamestate/20150925/manage/ [36m304 [0m0.907 ms - -[0m
[0mGET / [36m304 [0m0.529 ms - -[0m
[0mGET /stylesheets/common.css [36m304 [0m0.475 ms - -[0m
[0mGET /javascripts/util.js [36m304 [0m0.532 ms - -[0m
[0mGET /javascripts/wysihtml5-master/parser_rules/advanced.js [36m304 [0m1.759 ms - -[0m
[0mGET /javascripts/wysihtml5-master/dist/wysihtml5-0.4.0pre.js [36m304 [0m1.218 ms - -[0m
[0mGET /javascripts/lodash.min.js [36m304 [0m2.379 ms - -[0m
[0mGET /javascripts/angular.js [36m304 [0m1.897 ms - -[0m
[0mGET /javascripts/angular-animate.min.js [36m304 [0m1.464 ms - -[0m
[0mGET /javascripts/index.js [36m304 [0m1.911 ms - -[0m
[0mGET /javascripts/directive/testcaseview.js [36m304 [0m0.977 ms - -[0m
[0mGET /gamestate/20150925/query/ [36m304 [0m23.069 ms - -[0m
[0mGET /gamestate/20150925/manage/ [36m304 [0m0.926 ms - -[0m
[0mGET / [32m200 [0m1.191 ms - 8054[0m
[0mGET /stylesheets/common.css [36m304 [0m0.484 ms - -[0m
[0mGET /javascripts/util.js [36m304 [0m0.467 ms - -[0m
[0mGET /javascripts/wysihtml5-master/parser_rules/advanced.js [36m304 [0m0.451 ms - -[0m
[0mGET /javascripts/wysihtml5-master/dist/wysihtml5-0.4.0pre.js [36m304 [0m0.404 ms - -[0m
[0mGET /javascripts/lodash.min.js [36m304 [0m0.521 ms - -[0m
[0mGET /javascripts/angular.js [36m304 [0m0.360 ms - -[0m
[0mGET /javascripts/angular-animate.min.js [36m304 [0m0.267 ms - -[0m
[0mGET /javascripts/directive/testcaseview.js [36m304 [0m1.031 ms - -[0m
[0mGET /javascripts/index.js [32m200 [0m2.085 ms - 8496[0m
[0mGET /images/loading.gif [36m304 [0m0.559 ms - -[0m
[0mGET /gamestate/20150918/query/ [32m200 [0m38518.086 ms - 1523[0m
[0mGET /favicon.ico [33m404 [0m11.623 ms - 1205[0m
[0mGET /favicon.ico [33m404 [0m18.368 ms - 1205[0m
[0mGET /favicon.ico [33m404 [0m22.683 ms - 1205[0m
[0mGET / [32m- [0m- ms - 8054[0m
[0mGET / [36m304 [0m24.660 ms - -[0m
[0mGET / [32m200 [0m25.291 ms - 8054[0m
[0mGET /gamestate/20150918/manage/ [36m304 [0m1.104 ms - -[0m
[0mGET /stylesheets/common.css [36m304 [0m0.419 ms - -[0m
[0mGET /javascripts/util.js [36m304 [0m0.288 ms - -[0m
[0mGET /javascripts/wysihtml5-master/parser_rules/advanced.js [36m304 [0m0.270 ms - -[0m
[0mGET /javascripts/wysihtml5-master/dist/wysihtml5-0.4.0pre.js [36m304 [0m0.274 ms - -[0m
[0mGET /javascripts/lodash.min.js [36m304 [0m0.461 ms - -[0m
[0mGET /javascripts/angular.js [36m304 [0m0.295 ms - -[0m
[0mGET /javascripts/angular-animate.min.js [36m304 [0m0.452 ms - -[0m
[0mGET /javascripts/index.js [36m304 [0m0.374 ms - -[0m
[0mGET /javascripts/directive/testcaseview.js [36m304 [0m0.271 ms - -[0m
[0mGET /gamestate/20150925/query/ [32m200 [0m6.700 ms - 3381[0m
[0mGET /gamestate/20150925/manage/ [32m200 [0m0.713 ms - 46[0m
